

Started GET "/gists/?page=2" for 127.0.0.1 at 2014-04-03 21:11:24 +0200
  [1m[36mActiveRecord::SchemaMigration Load (0.1ms)[0m  [1mSELECT "schema_migrations".* FROM "schema_migrations"[0m
Processing by GistsController#index as HTML
  Parameters: {"page"=>"2"}
  [1m[35m (0.1ms)[0m  SELECT COUNT(*) FROM "gists"
  [1m[36mGist Load (0.6ms)[0m  [1mSELECT "gists".* FROM "gists" ORDER BY created_at DESC LIMIT 10 OFFSET 10[0m
  Rendered gists/_gist.html.erb (150.6ms)
  Rendered gists/index.html.erb within layouts/application (169.9ms)
Completed 200 OK in 801ms (Views: 796.8ms | ActiveRecord: 1.0ms)


Started GET "/gists" for 127.0.0.1 at 2014-04-03 21:11:25 +0200
Processing by GistsController#index as HTML
  [1m[35m (0.1ms)[0m  SELECT COUNT(*) FROM "gists"
  [1m[36mGist Load (0.3ms)[0m  [1mSELECT "gists".* FROM "gists" ORDER BY created_at DESC LIMIT 10 OFFSET 0[0m
  Rendered gists/_gist.html.erb (16.7ms)
  Rendered gists/index.html.erb within layouts/application (21.0ms)
Completed 200 OK in 30ms (Views: 28.8ms | ActiveRecord: 0.5ms)


Started GET "/gists" for 127.0.0.1 at 2014-04-03 21:18:18 +0200
  [1m[36mActiveRecord::SchemaMigration Load (0.1ms)[0m  [1mSELECT "schema_migrations".* FROM "schema_migrations"[0m
Processing by GistsController#index as HTML
  [1m[35m (0.1ms)[0m  SELECT COUNT(*) FROM "gists"
  [1m[36mGist Load (0.4ms)[0m  [1mSELECT "gists".* FROM "gists" ORDER BY created_at DESC LIMIT 10 OFFSET 0[0m
  Rendered gists/_gist.html.erb (159.7ms)
  Rendered gists/index.html.erb within layouts/application (181.5ms)
Completed 200 OK in 1765ms (Views: 1762.0ms | ActiveRecord: 0.7ms)


Started GET "/gists?page=3" for 127.0.0.1 at 2014-04-03 21:18:25 +0200
Processing by GistsController#index as HTML
  Parameters: {"page"=>"3"}
  [1m[35m (0.1ms)[0m  SELECT COUNT(*) FROM "gists"
  [1m[36mGist Load (0.4ms)[0m  [1mSELECT "gists".* FROM "gists" ORDER BY created_at DESC LIMIT 10 OFFSET 20[0m
  Rendered gists/_gist.html.erb (16.7ms)
  Rendered gists/index.html.erb within layouts/application (21.9ms)
Completed 200 OK in 28ms (Views: 27.5ms | ActiveRecord: 0.6ms)


Started GET "/gists?page=1" for 127.0.0.1 at 2014-04-03 21:18:28 +0200
Processing by GistsController#index as HTML
  Parameters: {"page"=>"1"}
  [1m[35m (3.6ms)[0m  SELECT COUNT(*) FROM "gists"
  [1m[36mGist Load (0.4ms)[0m  [1mSELECT "gists".* FROM "gists" ORDER BY created_at DESC LIMIT 10 OFFSET 0[0m
  Rendered gists/_gist.html.erb (14.8ms)
  Rendered gists/index.html.erb within layouts/application (23.2ms)
Completed 200 OK in 33ms (Views: 28.6ms | ActiveRecord: 4.0ms)

ActionController::RoutingError (No route matches [GET] "/assets/ajax-loader.gif"):
  actionpack (4.0.3) lib/action_dispatch/middleware/debug_exceptions.rb:21:in `call'
  actionpack (4.0.3) lib/action_dispatch/middleware/show_exceptions.rb:30:in `call'
  railties (4.0.3) lib/rails/rack/logger.rb:38:in `call_app'
  railties (4.0.3) lib/rails/rack/logger.rb:20:in `block in call'
  activesupport (4.0.3) lib/active_support/tagged_logging.rb:67:in `block in tagged'
  activesupport (4.0.3) lib/active_support/tagged_logging.rb:25:in `tagged'
  activesupport (4.0.3) lib/active_support/tagged_logging.rb:67:in `tagged'
  railties (4.0.3) lib/rails/rack/logger.rb:20:in `call'
  quiet_assets (1.0.2) lib/quiet_assets.rb:18:in `call_with_quiet_assets'
  actionpack (4.0.3) lib/action_dispatch/middleware/request_id.rb:21:in `call'
  rack (1.5.2) lib/rack/methodoverride.rb:21:in `call'
  rack (1.5.2) lib/rack/runtime.rb:17:in `call'
  activesupport (4.0.3) lib/active_support/cache/strategy/local_cache.rb:83:in `call'
  rack (1.5.2) lib/rack/lock.rb:17:in `call'
  actionpack (4.0.3) lib/action_dispatch/middleware/static.rb:64:in `call'
  rack (1.5.2) lib/rack/sendfile.rb:112:in `call'
  railties (4.0.3) lib/rails/engine.rb:511:in `call'
  railties (4.0.3) lib/rails/application.rb:97:in `call'
  rack (1.5.2) lib/rack/lock.rb:17:in `call'
  rack (1.5.2) lib/rack/content_length.rb:14:in `call'
  rack (1.5.2) lib/rack/handler/webrick.rb:60:in `service'
  /home/student/.rvm/rubies/ruby-2.1.1/lib/ruby/2.1.0/webrick/httpserver.rb:138:in `service'
  /home/student/.rvm/rubies/ruby-2.1.1/lib/ruby/2.1.0/webrick/httpserver.rb:94:in `run'
  /home/student/.rvm/rubies/ruby-2.1.1/lib/ruby/2.1.0/webrick/server.rb:295:in `block in start_thread'




Started GET "/gists?page=2&_=1396552708859" for 127.0.0.1 at 2014-04-03 21:18:31 +0200
Processing by GistsController#index as JS
  Parameters: {"page"=>"2", "_"=>"1396552708859"}
  [1m[35mGist Load (0.5ms)[0m  SELECT "gists".* FROM "gists" ORDER BY created_at DESC LIMIT 10 OFFSET 10
  [1m[36m (0.1ms)[0m  [1mSELECT COUNT(*) FROM "gists"[0m
  Rendered gists/_gist.html.erb (14.3ms)
  Rendered gists/index.js.erb (20.8ms)
Completed 200 OK in 29ms (Views: 28.0ms | ActiveRecord: 0.6ms)
